Removed Pin From Net: NetName=NetR1_2 Pin=U2-0
Removed Pin From Net: NetName=SW Pin=U3-0
Change Component Footprint: Designator=C1 Old Footprint=0805_C New Footprint=0603_C
Change Component Footprint: Designator=C2 Old Footprint=0805_C New Footprint=0603_C
Change Component Footprint: Designator=C3 Old Footprint=0805_C New Footprint=0603_C
Change Component Footprint: Designator=C7 Old Footprint=0805_C New Footprint=0603_C
Change Component Footprint: Designator=C8 Old Footprint=0805_C New Footprint=0603_C
Change Component Footprint: Designator=C9 Old Footprint=0805_C New Footprint=0603_C
Change Component Footprint: Designator=R1 Old Footprint=0805_R New Footprint=0603-R
Change Component Footprint: Designator=R2 Old Footprint=0805_R New Footprint=0603-R
Change Component Footprint: Designator=R3 Old Footprint=0805_R New Footprint=0603-R
Change Component Footprint: Designator=R4 Old Footprint=0805_R New Footprint=0603-R
Change Component Footprint: Designator=R5 Old Footprint=0805_R New Footprint=0603-R
Change Component Footprint: Designator=R7 Old Footprint=0805_R New Footprint=0603-R
Change Component Footprint: Designator=R8 Old Footprint=0805_R New Footprint=0603-R
Change Component Footprint: Designator=R9 Old Footprint=0805_R New Footprint=0603-R
Change Component Footprint: Designator=R10 Old Footprint=0805_R New Footprint=0603-R
Change Component Footprint: Designator=R11 Old Footprint=0805_R New Footprint=0603-R
Change Component Footprint: Designator=R13 Old Footprint=0805_R New Footprint=0603-R
Added Room: Name=Sheet1
